<?xml version="1.0" encoding="UTF-8"?>
<!-- Generated by org.testng.reporters.JUnitXMLReporter -->
<testsuite hostname="Q14175" name="Default test" tests="1" failures="1" timestamp="15 Jul 2016 09:25:58 GMT" time="49.216" errors="0">
  <testcase name="exe" time="49.169" classname="com.ERP_SWAROOP.Master.SA_Tests">
    <failure type="org.openqa.selenium.WebDriverException" message="Failed to connect to binary FirefoxBinary(C:\Program Files (x86)\Mozilla Firefox\firefox.exe) on port 7055; process output follows: 
ver@googlecode.com in app-profile
1468574713592	addons.xpi	DEBUG	getModTime: Recursive scan of {972ce4c6-7e08-4474-a285-3208198ce6fd}
1468574713592	addons.xpi	DEBUG	Existing add-on {972ce4c6-7e08-4474-a285-3208198ce6fd} in app-global
1468574713593	addons.xpi	DEBUG	Existing add-on {9F17B1A2-7317-49ef-BCB7-7BB47BDE10F8} in winreg-app-global
1468574713593	addons.xpi	DEBUG	getInstallState changed: false, state: {&amp;quot;app-profile&amp;quot;:{&amp;quot;fxdriver@googlecode.com&amp;quot;:{&amp;quot;d&amp;quot;:&amp;quot;C:\\Users\\swaroop\\AppData\\Local\\Temp\\anonymous6405156901681887360webdriver-profile\\extensions\\fxdriver@googlecode.com&amp;quot;,&amp;quot;e&amp;quot;:false,&amp;quot;v&amp;quot;:&amp;quot;2.44.0&amp;quot;,&amp;quot;st&amp;quot;:1468574710275,&amp;quot;mt&amp;quot;:1468574710259}},&amp;quot;app-global&amp;quot;:{&amp;quot;{972ce4c6-7e08-4474-a285-3208198ce6fd}&amp;quot;:{&amp;quot;d&amp;quot;:&amp;quot;C:\\Program Files (x86)\\Mozilla Firefox\\browser\\extensions\\{972ce4c6-7e08-4474-a285-3208198ce6fd}&amp;quot;,&amp;quot;e&amp;quot;:true,&amp;quot;v&amp;quot;:&amp;quot;43.0.1&amp;quot;,&amp;quot;st&amp;quot;:1468216654043,&amp;quot;mt&amp;quot;:1468216653826}},&amp;quot;winreg-app-global&amp;quot;:{&amp;quot;{9F17B1A2-7317-49ef-BCB7-7BB47BDE10F8}&amp;quot;:{&amp;quot;d&amp;quot;:&amp;quot;C:\\Program Files (x86)\\HP\\Unified Functional Testing\\\\bin\\Mozilla\\Common&amp;quot;,&amp;quot;e&amp;quot;:false,&amp;quot;v&amp;quot;:&amp;quot;11.50&amp;quot;,&amp;quot;st&amp;quot;:1463731833116,&amp;quot;mt&amp;quot;:1346917941000}}}
1468574713595	addons.xpi	DEBUG	No changes found
1468574713603	addons.manager	DEBUG	Registering shutdown blocker for XPIProvider
1468574713604	addons.manager	DEBUG	Provider finished startup: XPIProvider
1468574713604	addons.manager	DEBUG	Starting provider: LightweightThemeManager
1468574713604	addons.manager	DEBUG	Registering shutdown blocker for LightweightThemeManager
1468574713604	addons.manager	DEBUG	Provider finished startup: LightweightThemeManager
1468574713605	addons.manager	DEBUG	Starting provider: GMPProvider
1468574713613	addons.manager	DEBUG	Registering shutdown blocker for GMPProvider
1468574713614	addons.manager	DEBUG	Provider finished startup: GMPProvider
1468574713614	addons.manager	DEBUG	Starting provider: PluginProvider
1468574713614	addons.manager	DEBUG	Registering shutdown blocker for PluginProvider
1468574713614	addons.manager	DEBUG	Provider finished startup: PluginProvider
1468574713615	addons.manager	DEBUG	Completed startup sequence
1468574713672	addons.xpi-utils	DEBUG	Starting async load of XPI database C:\Users\swaroop\AppData\Local\Temp\anonymous6405156901681887360webdriver-profile\extensions.json
*** Blocklist::_loadBlocklistFromFile: blocklist is disabled
1468574713771	addons.manager	DEBUG	Starting provider: &amp;lt;unnamed-provider&amp;gt;
1468574713772	addons.manager	DEBUG	Registering shutdown blocker for &amp;lt;unnamed-provider&amp;gt;
1468574713772	addons.manager	DEBUG	Provider finished startup: &amp;lt;unnamed-provider&amp;gt;
1468574713876	addons.xpi-utils	DEBUG	Async JSON file read took 0 MS
1468574713876	addons.xpi-utils	DEBUG	Finished async read of XPI database, parsing...
1468574713877	addons.xpi-utils	DEBUG	Successfully read XPI database
1468574713998	addons.manager	DEBUG	Starting provider: PreviousExperimentProvider
1468574713998	addons.manager	DEBUG	Registering shutdown blocker for PreviousExperimentProvider
1468574713998	addons.manager	DEBUG	Provider finished startup: PreviousExperimentProvider
JavaScript warning: https://normandy.cdn.mozilla.net/static/js/bundles/selfrepair-7575f6d27445b45bcffb.js, line 9825: mutating the [[Prototype]] of an object will cause your code to run very slowly; instead create the object with the correct initial [[Prototype]] value using Object.create
1468574732332	addons.manager	DEBUG	shutdown
1468574732332	addons.manager	DEBUG	Calling shutdown blocker for XPIProvider
1468574732332	addons.xpi	DEBUG	shutdown
1468574732333	addons.xpi-utils	DEBUG	shutdown
1468574732333	addons.manager	DEBUG	Calling shutdown blocker for LightweightThemeManager
1468574732334	addons.manager	DEBUG	Calling shutdown blocker for GMPProvider
1468574732335	addons.manager	DEBUG	Calling shutdown blocker for PluginProvider
1468574732336	addons.manager	DEBUG	Calling shutdown blocker for &amp;lt;unnamed-provider&amp;gt;
1468574732337	addons.manager	DEBUG	Calling shutdown blocker for PreviousExperimentProvider
1468574732340	addons.xpi	DEBUG	Notifying XPI shutdown observers
1468574732344	addons.manager	DEBUG	Async provider shutdown done

Build info: version: &amp;apos;2.44.0&amp;apos;, revision: &amp;apos;76d78cf&amp;apos;, time: &amp;apos;2014-10-23 20:02:37&amp;apos;
System info: host: &amp;apos;Q14175&amp;apos;, ip: &amp;apos;10.0.0.14&amp;apos;, os.name: &amp;apos;Windows 7&amp;apos;, os.arch: &amp;apos;amd64&amp;apos;, os.version: &amp;apos;6.1&amp;apos;, java.version: &amp;apos;1.7.0_79&amp;apos;
Driver info: driver.version: FirefoxDriver">
      <![CDATA[org.openqa.selenium.WebDriverException: Failed to connect to binary FirefoxBinary(C:\Program Files (x86)\Mozilla Firefox\firefox.exe) on port 7055; process output follows: 
ver@googlecode.com in app-profile
1468574713592	addons.xpi	DEBUG	getModTime: Recursive scan of {972ce4c6-7e08-4474-a285-3208198ce6fd}
1468574713592	addons.xpi	DEBUG	Existing add-on {972ce4c6-7e08-4474-a285-3208198ce6fd} in app-global
1468574713593	addons.xpi	DEBUG	Existing add-on {9F17B1A2-7317-49ef-BCB7-7BB47BDE10F8} in winreg-app-global
1468574713593	addons.xpi	DEBUG	getInstallState changed: false, state: {"app-profile":{"fxdriver@googlecode.com":{"d":"C:\\Users\\swaroop\\AppData\\Local\\Temp\\anonymous6405156901681887360webdriver-profile\\extensions\\fxdriver@googlecode.com","e":false,"v":"2.44.0","st":1468574710275,"mt":1468574710259}},"app-global":{"{972ce4c6-7e08-4474-a285-3208198ce6fd}":{"d":"C:\\Program Files (x86)\\Mozilla Firefox\\browser\\extensions\\{972ce4c6-7e08-4474-a285-3208198ce6fd}","e":true,"v":"43.0.1","st":1468216654043,"mt":1468216653826}},"winreg-app-global":{"{9F17B1A2-7317-49ef-BCB7-7BB47BDE10F8}":{"d":"C:\\Program Files (x86)\\HP\\Unified Functional Testing\\\\bin\\Mozilla\\Common","e":false,"v":"11.50","st":1463731833116,"mt":1346917941000}}}
1468574713595	addons.xpi	DEBUG	No changes found
1468574713603	addons.manager	DEBUG	Registering shutdown blocker for XPIProvider
1468574713604	addons.manager	DEBUG	Provider finished startup: XPIProvider
1468574713604	addons.manager	DEBUG	Starting provider: LightweightThemeManager
1468574713604	addons.manager	DEBUG	Registering shutdown blocker for LightweightThemeManager
1468574713604	addons.manager	DEBUG	Provider finished startup: LightweightThemeManager
1468574713605	addons.manager	DEBUG	Starting provider: GMPProvider
1468574713613	addons.manager	DEBUG	Registering shutdown blocker for GMPProvider
1468574713614	addons.manager	DEBUG	Provider finished startup: GMPProvider
1468574713614	addons.manager	DEBUG	Starting provider: PluginProvider
1468574713614	addons.manager	DEBUG	Registering shutdown blocker for PluginProvider
1468574713614	addons.manager	DEBUG	Provider finished startup: PluginProvider
1468574713615	addons.manager	DEBUG	Completed startup sequence
1468574713672	addons.xpi-utils	DEBUG	Starting async load of XPI database C:\Users\swaroop\AppData\Local\Temp\anonymous6405156901681887360webdriver-profile\extensions.json
*** Blocklist::_loadBlocklistFromFile: blocklist is disabled
1468574713771	addons.manager	DEBUG	Starting provider: <unnamed-provider>
1468574713772	addons.manager	DEBUG	Registering shutdown blocker for <unnamed-provider>
1468574713772	addons.manager	DEBUG	Provider finished startup: <unnamed-provider>
1468574713876	addons.xpi-utils	DEBUG	Async JSON file read took 0 MS
1468574713876	addons.xpi-utils	DEBUG	Finished async read of XPI database, parsing...
1468574713877	addons.xpi-utils	DEBUG	Successfully read XPI database
1468574713998	addons.manager	DEBUG	Starting provider: PreviousExperimentProvider
1468574713998	addons.manager	DEBUG	Registering shutdown blocker for PreviousExperimentProvider
1468574713998	addons.manager	DEBUG	Provider finished startup: PreviousExperimentProvider
JavaScript warning: https://normandy.cdn.mozilla.net/static/js/bundles/selfrepair-7575f6d27445b45bcffb.js, line 9825: mutating the [[Prototype]] of an object will cause your code to run very slowly; instead create the object with the correct initial [[Prototype]] value using Object.create
1468574732332	addons.manager	DEBUG	shutdown
1468574732332	addons.manager	DEBUG	Calling shutdown blocker for XPIProvider
1468574732332	addons.xpi	DEBUG	shutdown
1468574732333	addons.xpi-utils	DEBUG	shutdown
1468574732333	addons.manager	DEBUG	Calling shutdown blocker for LightweightThemeManager
1468574732334	addons.manager	DEBUG	Calling shutdown blocker for GMPProvider
1468574732335	addons.manager	DEBUG	Calling shutdown blocker for PluginProvider
1468574732336	addons.manager	DEBUG	Calling shutdown blocker for <unnamed-provider>
1468574732337	addons.manager	DEBUG	Calling shutdown blocker for PreviousExperimentProvider
1468574732340	addons.xpi	DEBUG	Notifying XPI shutdown observers
1468574732344	addons.manager	DEBUG	Async provider shutdown done

Build info: version: '2.44.0', revision: '76d78cf', time: '2014-10-23 20:02:37'
System info: host: 'Q14175', ip: '10.0.0.14', os.name: 'Windows 7', os.arch: 'amd64', os.version: '6.1', java.version: '1.7.0_79'
Driver info: driver.version: FirefoxDriver
	at org.openqa.selenium.firefox.internal.NewProfileExtensionConnection.start(NewProfileExtensionConnection.java:130)
	at org.openqa.selenium.firefox.FirefoxDriver.startClient(FirefoxDriver.java:246)
	at org.openqa.selenium.remote.RemoteWebDriver.<init>(RemoteWebDriver.java:114)
	at org.openqa.selenium.firefox.FirefoxDriver.<init>(FirefoxDriver.java:193)
	at org.openqa.selenium.firefox.FirefoxDriver.<init>(FirefoxDriver.java:186)
	at org.openqa.selenium.firefox.FirefoxDriver.<init>(FirefoxDriver.java:182)
	at org.openqa.selenium.firefox.FirefoxDriver.<init>(FirefoxDriver.java:95)
	at com.ERP_SWAROOP.Master.SA_Tests.exe(SA_Tests.java:16)
	at sun.reflect.NativeMethodAccessorImpl.invoke0(Native Method)
	at sun.reflect.NativeMethodAccessorImpl.invoke(NativeMethodAccessorImpl.java:57)
	at sun.reflect.DelegatingMethodAccessorImpl.invoke(DelegatingMethodAccessorImpl.java:43)
	at java.lang.reflect.Method.invoke(Method.java:606)
	at org.testng.internal.MethodInvocationHelper.invokeMethod(MethodInvocationHelper.java:84)
	at org.testng.internal.Invoker.invokeMethod(Invoker.java:714)
	at org.testng.internal.Invoker.invokeTestMethod(Invoker.java:901)
	at org.testng.internal.Invoker.invokeTestMethods(Invoker.java:1231)
	at org.testng.internal.TestMethodWorker.invokeTestMethods(TestMethodWorker.java:127)
	at org.testng.internal.TestMethodWorker.run(TestMethodWorker.java:111)
	at org.testng.TestRunner.privateRun(TestRunner.java:767)
	at org.testng.TestRunner.run(TestRunner.java:617)
	at org.testng.SuiteRunner.runTest(SuiteRunner.java:334)
	at org.testng.SuiteRunner.runSequentially(SuiteRunner.java:329)
	at org.testng.SuiteRunner.privateRun(SuiteRunner.java:291)
	at org.testng.SuiteRunner.run(SuiteRunner.java:240)
	at org.testng.SuiteRunnerWorker.runSuite(SuiteRunnerWorker.java:52)
	at org.testng.SuiteRunnerWorker.run(SuiteRunnerWorker.java:86)
	at org.testng.TestNG.runSuitesSequentially(TestNG.java:1224)
	at org.testng.TestNG.runSuitesLocally(TestNG.java:1149)
	at org.testng.TestNG.run(TestNG.java:1057)
	at org.testng.remote.AbstractRemoteTestNG.run(AbstractRemoteTestNG.java:126)
	at org.testng.remote.RemoteTestNG.initAndRun(RemoteTestNG.java:137)
	at org.testng.remote.RemoteTestNG.main(RemoteTestNG.java:58)
Caused by: org.openqa.selenium.firefox.NotConnectedException: Unable to connect to host 127.0.0.1 on port 7055 after 45000 ms. Firefox console output:
ver@googlecode.com in app-profile
1468574713592	addons.xpi	DEBUG	getModTime: Recursive scan of {972ce4c6-7e08-4474-a285-3208198ce6fd}
1468574713592	addons.xpi	DEBUG	Existing add-on {972ce4c6-7e08-4474-a285-3208198ce6fd} in app-global
1468574713593	addons.xpi	DEBUG	Existing add-on {9F17B1A2-7317-49ef-BCB7-7BB47BDE10F8} in winreg-app-global
1468574713593	addons.xpi	DEBUG	getInstallState changed: false, state: {"app-profile":{"fxdriver@googlecode.com":{"d":"C:\\Users\\swaroop\\AppData\\Local\\Temp\\anonymous6405156901681887360webdriver-profile\\extensions\\fxdriver@googlecode.com","e":false,"v":"2.44.0","st":1468574710275,"mt":1468574710259}},"app-global":{"{972ce4c6-7e08-4474-a285-3208198ce6fd}":{"d":"C:\\Program Files (x86)\\Mozilla Firefox\\browser\\extensions\\{972ce4c6-7e08-4474-a285-3208198ce6fd}","e":true,"v":"43.0.1","st":1468216654043,"mt":1468216653826}},"winreg-app-global":{"{9F17B1A2-7317-49ef-BCB7-7BB47BDE10F8}":{"d":"C:\\Program Files (x86)\\HP\\Unified Functional Testing\\\\bin\\Mozilla\\Common","e":false,"v":"11.50","st":1463731833116,"mt":1346917941000}}}
1468574713595	addons.xpi	DEBUG	No changes found
1468574713603	addons.manager	DEBUG	Registering shutdown blocker for XPIProvider
1468574713604	addons.manager	DEBUG	Provider finished startup: XPIProvider
1468574713604	addons.manager	DEBUG	Starting provider: LightweightThemeManager
1468574713604	addons.manager	DEBUG	Registering shutdown blocker for LightweightThemeManager
1468574713604	addons.manager	DEBUG	Provider finished startup: LightweightThemeManager
1468574713605	addons.manager	DEBUG	Starting provider: GMPProvider
1468574713613	addons.manager	DEBUG	Registering shutdown blocker for GMPProvider
1468574713614	addons.manager	DEBUG	Provider finished startup: GMPProvider
1468574713614	addons.manager	DEBUG	Starting provider: PluginProvider
1468574713614	addons.manager	DEBUG	Registering shutdown blocker for PluginProvider
1468574713614	addons.manager	DEBUG	Provider finished startup: PluginProvider
1468574713615	addons.manager	DEBUG	Completed startup sequence
1468574713672	addons.xpi-utils	DEBUG	Starting async load of XPI database C:\Users\swaroop\AppData\Local\Temp\anonymous6405156901681887360webdriver-profile\extensions.json
*** Blocklist::_loadBlocklistFromFile: blocklist is disabled
1468574713771	addons.manager	DEBUG	Starting provider: <unnamed-provider>
1468574713772	addons.manager	DEBUG	Registering shutdown blocker for <unnamed-provider>
1468574713772	addons.manager	DEBUG	Provider finished startup: <unnamed-provider>
1468574713876	addons.xpi-utils	DEBUG	Async JSON file read took 0 MS
1468574713876	addons.xpi-utils	DEBUG	Finished async read of XPI database, parsing...
1468574713877	addons.xpi-utils	DEBUG	Successfully read XPI database
1468574713998	addons.manager	DEBUG	Starting provider: PreviousExperimentProvider
1468574713998	addons.manager	DEBUG	Registering shutdown blocker for PreviousExperimentProvider
1468574713998	addons.manager	DEBUG	Provider finished startup: PreviousExperimentProvider
JavaScript warning: https://normandy.cdn.mozilla.net/static/js/bundles/selfrepair-7575f6d27445b45bcffb.js, line 9825: mutating the [[Prototype]] of an object will cause your code to run very slowly; instead create the object with the correct initial [[Prototype]] value using Object.create
1468574732332	addons.manager	DEBUG	shutdown
1468574732332	addons.manager	DEBUG	Calling shutdown blocker for XPIProvider
1468574732332	addons.xpi	DEBUG	shutdown
1468574732333	addons.xpi-utils	DEBUG	shutdown
1468574732333	addons.manager	DEBUG	Calling shutdown blocker for LightweightThemeManager
1468574732334	addons.manager	DEBUG	Calling shutdown blocker for GMPProvider
1468574732335	addons.manager	DEBUG	Calling shutdown blocker for PluginProvider
1468574732336	addons.manager	DEBUG	Calling shutdown blocker for <unnamed-provider>
1468574732337	addons.manager	DEBUG	Calling shutdown blocker for PreviousExperimentProvider
1468574732340	addons.xpi	DEBUG	Notifying XPI shutdown observers
1468574732344	addons.manager	DEBUG	Async provider shutdown done

	at org.openqa.selenium.firefox.internal.NewProfileExtensionConnection.start(NewProfileExtensionConnection.java:118)
	... 31 more
]]>
    </failure>
  </testcase> <!-- exe -->
</testsuite> <!-- Default test -->
